<?xml version="1.0" encoding="UTF-8"?>
<testng-results skipped="0" failed="0" ignored="0" total="1" passed="1">
  <reporter-output>
  </reporter-output>
  <suite name="Suite" duration-ms="809" started-at="2018-10-06T17:21:16Z" finished-at="2018-10-06T17:21:17Z">
    <groups>
    </groups>
    <test name="Test" duration-ms="809" started-at="2018-10-06T17:21:16Z" finished-at="2018-10-06T17:21:17Z">
      <class name="featureFileSuites.LoginSuiteRunner">
        <test-method status="PASS" signature="beforeClass()[pri:0, instance:featureFileSuites.LoginSuiteRunner@604ed9f0]" name="beforeClass" is-config="true" duration-ms="260" started-at="2018-10-06T22:51:16Z" finished-at="2018-10-06T22:51:16Z">
          <reporter-output>
          </reporter-output>
        </test-method> <!-- beforeClass -->
        <test-method status="PASS" signature="feature(cucumber.api.testng.CucumberFeatureWrapper)[pri:0, instance:featureFileSuites.LoginSuiteRunner@604ed9f0]" name="feature" duration-ms="439" started-at="2018-10-06T22:51:16Z" data-provider="features" finished-at="2018-10-06T22:51:17Z">
          <params>
            <param index="0">
              <value>
                <![CDATA[login feature file]]>
              </value>
            </param>
          </params>
          <reporter-output>
          </reporter-output>
        </test-method> <!-- feature -->
        <test-method status="PASS" signature="afterClass()[pri:0, instance:featureFileSuites.LoginSuiteRunner@604ed9f0]" name="afterClass" is-config="true" duration-ms="22" started-at="2018-10-06T22:51:17Z" finished-at="2018-10-06T22:51:17Z">
          <reporter-output>
          </reporter-output>
        </test-method> <!-- afterClass -->
      </class> <!-- featureFileSuites.LoginSuiteRunner -->
    </test> <!-- Test -->
  </suite> <!-- Suite -->
</testng-results>
